<?xml version="1.0" encoding="UTF-8" ?>
<testsuite tests="5" failures="5" name="com.sg.vendingmachine.service.VendingMachineServiceLayerImplTest" time="0.011" errors="0" skipped="0">
  <properties>
[...]
</properties>
  <testcase classname="com.sg.vendingmachine.service.VendingMachineServiceLayerImplTest" name="com.sg.vendingmachine.service.VendingMachineServiceLayerImplTest.testGetAllItems" time="0.003">
    <failure type="java.lang.NullPointerException">java.lang.NullPointerException
	at com.sg.vendingmachine.service.VendingMachineServiceLayerImplTest.testGetAllItems(VendingMachineServiceLayerImplTest.java:58)
</failure>
    <system-out>getAllItems
</system-out>
  </testcase>
  <testcase classname="com.sg.vendingmachine.service.VendingMachineServiceLayerImplTest" name="com.sg.vendingmachine.service.VendingMachineServiceLayerImplTest.testValidateAmount" time="0.004">
    <failure type="java.lang.NullPointerException">java.lang.NullPointerException
	at com.sg.vendingmachine.service.VendingMachineServiceLayerImplTest.testValidateAmount(VendingMachineServiceLayerImplTest.java:74)
</failure>
    <system-out>validateAmount
</system-out>
  </testcase>
  <testcase classname="com.sg.vendingmachine.service.VendingMachineServiceLayerImplTest" name="com.sg.vendingmachine.service.VendingMachineServiceLayerImplTest.testUpdateItem" time="0.001">
    <failure type="java.lang.NullPointerException">java.lang.NullPointerException
	at com.sg.vendingmachine.service.VendingMachineServiceLayerImplTest.testUpdateItem(VendingMachineServiceLayerImplTest.java:90)
</failure>
    <system-out>updateItem
</system-out>
  </testcase>
  <testcase classname="com.sg.vendingmachine.service.VendingMachineServiceLayerImplTest" name="com.sg.vendingmachine.service.VendingMachineServiceLayerImplTest.testGetItem" time="0.001">
    <failure type="java.lang.NullPointerException">java.lang.NullPointerException
	at com.sg.vendingmachine.service.VendingMachineServiceLayerImplTest.testGetItem(VendingMachineServiceLayerImplTest.java:105)
</failure>
    <system-out>getItem
</system-out>
  </testcase>
  <testcase classname="com.sg.vendingmachine.service.VendingMachineServiceLayerImplTest" name="com.sg.vendingmachine.service.VendingMachineServiceLayerImplTest.testValidateItemAvail" time="0.002">
    <failure type="java.lang.NullPointerException">java.lang.NullPointerException
	at com.sg.vendingmachine.service.VendingMachineServiceLayerImplTest.testValidateItemAvail(VendingMachineServiceLayerImplTest.java:120)
</failure>
    <system-out>validateItemAvail
</system-out>
  </testcase>
</testsuite>